<?xml version="1.0" encoding="UTF-8"?>
<testsuite xmlns:xsi="http://www.w3.org/2001/XMLSchema-instance" xsi:noNamespaceSchemaLocation="https://maven.apache.org/surefire/maven-surefire-plugin/xsd/surefire-test-report.xsd" name="com.stu.software.AppTest" time="0.096" tests="1" errors="0" skipped="0" failures="0">
  <properties>
    <property name="sun.desktop" value="windows"/>
    <property name="awt.toolkit" value="sun.awt.windows.WToolkit"/>
    <property name="file.encoding.pkg" value="sun.io"/>
    <property name="java.specification.version" value="1.8"/>
    <property name="sun.cpu.isalist" value="amd64"/>
    <property name="sun.jnu.encoding" value="GBK"/>
    <property name="java.class.path" value="C:\Users\K\Desktop\logistics\logistics_base\target\test-classes;C:\Users\K\Desktop\logistics\logistics_base\target\classes;D:\JAVA\apache-maven-3.6.0\repo\org\hibernate\javax\persistence\hibernate-jpa-2.1-api\1.0.2.Final\hibernate-jpa-2.1-api-1.0.2.Final.jar;D:\JAVA\apache-maven-3.6.0\repo\org\apache\commons\commons-lang3\3.8.1\commons-lang3-3.8.1.jar;D:\JAVA\apache-maven-3.6.0\repo\com\fasterxml\jackson\core\jackson-annotations\2.9.8\jackson-annotations-2.9.8.jar;D:\JAVA\apache-maven-3.6.0\repo\org\springframework\data\spring-data-jpa\2.1.6.RELEASE\spring-data-jpa-2.1.6.RELEASE.jar;D:\JAVA\apache-maven-3.6.0\repo\org\springframework\data\spring-data-commons\2.1.6.RELEASE\spring-data-commons-2.1.6.RELEASE.jar;D:\JAVA\apache-maven-3.6.0\repo\org\springframework\spring-orm\5.1.6.RELEASE\spring-orm-5.1.6.RELEASE.jar;D:\JAVA\apache-maven-3.6.0\repo\org\springframework\spring-jdbc\5.1.6.RELEASE\spring-jdbc-5.1.6.RELEASE.jar;D:\JAVA\apache-maven-3.6.0\repo\org\springframework\spring-aop\5.1.6.RELEASE\spring-aop-5.1.6.RELEASE.jar;D:\JAVA\apache-maven-3.6.0\repo\org\springframework\spring-tx\5.1.6.RELEASE\spring-tx-5.1.6.RELEASE.jar;D:\JAVA\apache-maven-3.6.0\repo\org\springframework\spring-beans\5.1.6.RELEASE\spring-beans-5.1.6.RELEASE.jar;D:\JAVA\apache-maven-3.6.0\repo\org\springframework\spring-core\5.1.6.RELEASE\spring-core-5.1.6.RELEASE.jar;D:\JAVA\apache-maven-3.6.0\repo\org\springframework\spring-jcl\5.1.6.RELEASE\spring-jcl-5.1.6.RELEASE.jar;D:\JAVA\apache-maven-3.6.0\repo\org\aspectj\aspectjrt\1.9.2\aspectjrt-1.9.2.jar;D:\JAVA\apache-maven-3.6.0\repo\org\slf4j\slf4j-api\1.7.25\slf4j-api-1.7.25.jar;D:\JAVA\apache-maven-3.6.0\repo\org\apache\logging\log4j\log4j-api\2.11.0\log4j-api-2.11.0.jar;D:\JAVA\apache-maven-3.6.0\repo\org\apache\logging\log4j\log4j-core\2.11.0\log4j-core-2.11.0.jar;D:\JAVA\apache-maven-3.6.0\repo\org\springframework\spring-test\5.1.5.RELEASE\spring-test-5.1.5.RELEASE.jar;D:\JAVA\apache-maven-3.6.0\repo\org\springframework\spring-context\5.1.5.RELEASE\spring-context-5.1.5.RELEASE.jar;D:\JAVA\apache-maven-3.6.0\repo\org\springframework\spring-expression\5.1.5.RELEASE\spring-expression-5.1.5.RELEASE.jar;D:\JAVA\apache-maven-3.6.0\repo\junit\junit\4.12\junit-4.12.jar;D:\JAVA\apache-maven-3.6.0\repo\org\hamcrest\hamcrest-core\1.3\hamcrest-core-1.3.jar;"/>
    <property name="java.vm.vendor" value="Oracle Corporation"/>
    <property name="sun.arch.data.model" value="64"/>
    <property name="user.variant" value=""/>
    <property name="java.vendor.url" value="http://java.oracle.com/"/>
    <property name="user.timezone" value=""/>
    <property name="java.vm.specification.version" value="1.8"/>
    <property name="os.name" value="Windows 10"/>
    <property name="user.country" value="CN"/>
    <property name="sun.java.launcher" value="SUN_STANDARD"/>
    <property name="sun.boot.library.path" value="D:\JAVA\jdk1.8.0_201\jre\bin"/>
    <property name="sun.java.command" value="C:\Users\K\AppData\Local\Temp\surefire1444792057688159785\surefirebooter7396347210241201194.jar C:\Users\K\AppData\Local\Temp\surefire1444792057688159785 2019-05-18T17-02-07_626-jvmRun1 surefire8942677278320827658tmp surefire_08219972469026658248tmp"/>
    <property name="surefire.test.class.path" value="C:\Users\K\Desktop\logistics\logistics_base\target\test-classes;C:\Users\K\Desktop\logistics\logistics_base\target\classes;D:\JAVA\apache-maven-3.6.0\repo\org\hibernate\javax\persistence\hibernate-jpa-2.1-api\1.0.2.Final\hibernate-jpa-2.1-api-1.0.2.Final.jar;D:\JAVA\apache-maven-3.6.0\repo\org\apache\commons\commons-lang3\3.8.1\commons-lang3-3.8.1.jar;D:\JAVA\apache-maven-3.6.0\repo\com\fasterxml\jackson\core\jackson-annotations\2.9.8\jackson-annotations-2.9.8.jar;D:\JAVA\apache-maven-3.6.0\repo\org\springframework\data\spring-data-jpa\2.1.6.RELEASE\spring-data-jpa-2.1.6.RELEASE.jar;D:\JAVA\apache-maven-3.6.0\repo\org\springframework\data\spring-data-commons\2.1.6.RELEASE\spring-data-commons-2.1.6.RELEASE.jar;D:\JAVA\apache-maven-3.6.0\repo\org\springframework\spring-orm\5.1.6.RELEASE\spring-orm-5.1.6.RELEASE.jar;D:\JAVA\apache-maven-3.6.0\repo\org\springframework\spring-jdbc\5.1.6.RELEASE\spring-jdbc-5.1.6.RELEASE.jar;D:\JAVA\apache-maven-3.6.0\repo\org\springframework\spring-aop\5.1.6.RELEASE\spring-aop-5.1.6.RELEASE.jar;D:\JAVA\apache-maven-3.6.0\repo\org\springframework\spring-tx\5.1.6.RELEASE\spring-tx-5.1.6.RELEASE.jar;D:\JAVA\apache-maven-3.6.0\repo\org\springframework\spring-beans\5.1.6.RELEASE\spring-beans-5.1.6.RELEASE.jar;D:\JAVA\apache-maven-3.6.0\repo\org\springframework\spring-core\5.1.6.RELEASE\spring-core-5.1.6.RELEASE.jar;D:\JAVA\apache-maven-3.6.0\repo\org\springframework\spring-jcl\5.1.6.RELEASE\spring-jcl-5.1.6.RELEASE.jar;D:\JAVA\apache-maven-3.6.0\repo\org\aspectj\aspectjrt\1.9.2\aspectjrt-1.9.2.jar;D:\JAVA\apache-maven-3.6.0\repo\org\slf4j\slf4j-api\1.7.25\slf4j-api-1.7.25.jar;D:\JAVA\apache-maven-3.6.0\repo\org\apache\logging\log4j\log4j-api\2.11.0\log4j-api-2.11.0.jar;D:\JAVA\apache-maven-3.6.0\repo\org\apache\logging\log4j\log4j-core\2.11.0\log4j-core-2.11.0.jar;D:\JAVA\apache-maven-3.6.0\repo\org\springframework\spring-test\5.1.5.RELEASE\spring-test-5.1.5.RELEASE.jar;D:\JAVA\apache-maven-3.6.0\repo\org\springframework\spring-context\5.1.5.RELEASE\spring-context-5.1.5.RELEASE.jar;D:\JAVA\apache-maven-3.6.0\repo\org\springframework\spring-expression\5.1.5.RELEASE\spring-expression-5.1.5.RELEASE.jar;D:\JAVA\apache-maven-3.6.0\repo\junit\junit\4.12\junit-4.12.jar;D:\JAVA\apache-maven-3.6.0\repo\org\hamcrest\hamcrest-core\1.3\hamcrest-core-1.3.jar;"/>
    <property name="sun.cpu.endian" value="little"/>
    <property name="user.home" value="C:\Users\K"/>
    <property name="user.language" value="zh"/>
    <property name="java.specification.vendor" value="Oracle Corporation"/>
    <property name="java.home" value="D:\JAVA\jdk1.8.0_201\jre"/>
    <property name="basedir" value="C:\Users\K\Desktop\logistics\logistics_base"/>
    <property name="file.separator" value="\"/>
    <property name="line.separator" value="&#10;"/>
    <property name="java.vm.specification.vendor" value="Oracle Corporation"/>
    <property name="java.specification.name" value="Java Platform API Specification"/>
    <property name="java.awt.graphicsenv" value="sun.awt.Win32GraphicsEnvironment"/>
    <property name="surefire.real.class.path" value="C:\Users\K\AppData\Local\Temp\surefire1444792057688159785\surefirebooter7396347210241201194.jar"/>
    <property name="sun.boot.class.path" value="D:\JAVA\jdk1.8.0_201\jre\lib\resources.jar;D:\JAVA\jdk1.8.0_201\jre\lib\rt.jar;D:\JAVA\jdk1.8.0_201\jre\lib\sunrsasign.jar;D:\JAVA\jdk1.8.0_201\jre\lib\jsse.jar;D:\JAVA\jdk1.8.0_201\jre\lib\jce.jar;D:\JAVA\jdk1.8.0_201\jre\lib\charsets.jar;D:\JAVA\jdk1.8.0_201\jre\lib\jfr.jar;D:\JAVA\jdk1.8.0_201\jre\classes"/>
    <property name="user.script" value=""/>
    <property name="sun.management.compiler" value="HotSpot 64-Bit Tiered Compilers"/>
    <property name="java.runtime.version" value="1.8.0_201-b09"/>
    <property name="user.name" value="K"/>
    <property name="path.separator" value=";"/>
    <property name="os.version" value="10.0"/>
    <property name="java.endorsed.dirs" value="D:\JAVA\jdk1.8.0_201\jre\lib\endorsed"/>
    <property name="java.runtime.name" value="Java(TM) SE Runtime Environment"/>
    <property name="file.encoding" value="GBK"/>
    <property name="java.vm.name" value="Java HotSpot(TM) 64-Bit Server VM"/>
    <property name="localRepository" value="D:\JAVA\apache-maven-3.6.0\repo"/>
    <property name="java.vendor.url.bug" value="http://bugreport.sun.com/bugreport/"/>
    <property name="java.io.tmpdir" value="C:\Users\K\AppData\Local\Temp\"/>
    <property name="java.version" value="1.8.0_201"/>
    <property name="user.dir" value="C:\Users\K\Desktop\logistics\logistics_base"/>
    <property name="os.arch" value="amd64"/>
    <property name="java.vm.specification.name" value="Java Virtual Machine Specification"/>
    <property name="java.awt.printerjob" value="sun.awt.windows.WPrinterJob"/>
    <property name="sun.os.patch.level" value=""/>
    <property name="java.library.path" value="D:\JAVA\jdk1.8.0_201\jre\bin;C:\WINDOWS\Sun\Java\bin;C:\WINDOWS\system32;C:\WINDOWS;C:\Program Files (x86)\Common Files\Oracle\Java\javapath;C:\Program Files (x86)\Intel\iCLS Client\;C:\Program Files\Intel\iCLS Client\;C:\WINDOWS\system32;C:\WINDOWS;C:\WINDOWS\System32\Wbem;C:\WINDOWS\System32\WindowsPowerShell\v1.0\;C:\Program Files (x86)\Intel\Intel(R) Management Engine Components\DAL;C:\Program Files\Intel\Intel(R) Management Engine Components\DAL;C:\Program Files (x86)\Intel\Intel(R) Management Engine Components\IPT;C:\Program Files\Intel\Intel(R) Management Engine Components\IPT;C:\Android;C:\Windows\System32;C:\WINDOWS\System32\OpenSSH\;C:\Program Files\Intel\WiFi\bin\;C:\Program Files\Common Files\Intel\WirelessCommon\;C:\Program Files\Microsoft SQL Server\130\Tools\Binn\;C:\Program Files\dotnet\;&quot;D:\JAVA\jdk1.8.0_201\bin;D:\JAVA\jdk1.8.0_201\jre\bin;&quot;;D:\JAVA\apache-maven-3.6.0\bin;D:\Git\cmd;D:\JAVA\apache-tomcat-8.5.38\bin;D:\JAVA\jdk1.8.0_201\bin;C:\Program Files (x86)\MySQL\MySQL Server 5.5\bin;D:\bin;C:\Program Files\Microsoft SQL Server\Client SDK\ODBC\130\Tools\Binn\;C:\Program Files (x86)\Microsoft SQL Server\140\Tools\Binn\;C:\Program Files\Microsoft SQL Server\140\Tools\Binn\;C:\Program Files\Microsoft SQL Server\140\DTS\Binn\;C:\Program Files (x86)\Microsoft SQL Server\Client SDK\ODBC\130\Tools\Binn\;C:\Program Files (x86)\Microsoft SQL Server\140\DTS\Binn\;C:\Program Files (x86)\Microsoft SQL Server\140\Tools\Binn\ManagementStudio\;C:\Users\K\AppData\Local\Microsoft\WindowsApps;C:\Program Files\Intel\WiFi\bin\;C:\Program Files\Common Files\Intel\WirelessCommon\;D:\JAVA\IDEA\IntelliJ IDEA 2018.3.4\bin;D:\Git\GitHubDesktop\GitHubDesktop\bin;."/>
    <property name="java.vm.info" value="mixed mode"/>
    <property name="java.vendor" value="Oracle Corporation"/>
    <property name="java.vm.version" value="25.201-b09"/>
    <property name="java.ext.dirs" value="D:\JAVA\jdk1.8.0_201\jre\lib\ext;C:\WINDOWS\Sun\Java\lib\ext"/>
    <property name="sun.io.unicode.encoding" value="UnicodeLittle"/>
    <property name="java.class.version" value="52.0"/>
  </properties>
  <testcase name="shouldAnswerWithTrue" classname="com.stu.software.AppTest" time="0.004"/>
</testsuite>